<?xml version="1.0" encoding="UTF-8"?>
<!-- Generated by org.testng.reporters.JUnitReportReporter -->
<testsuite hostname="Depixeler" failures="0" tests="2" name="runner.RunCuke" time="48.969" errors="0" timestamp="2024-09-10T22:13:48 IST" skipped="0">
  <testcase classname="runner.RunCuke" name="runScenario" time="26.866"/>
  <testcase classname="runner.RunCuke" name="runScenario" time="22.103"/>
</testsuite> <!-- runner.RunCuke -->
